# Lever M-recover Phase 5 evidence snapshot
snapshot_time: 2026-05-09T13:47:09+10:00
boot_time:     2026-05-09T13:47:01+10:00 (btime=1778298421)
uptime_s:      8
kernel:        6.19.14-200.fc43.x86_64

## Module identity
version:        595.71.05-aorus.12
srcversion:     B57421AF4EBED5910AB74D5

## Kill-switch state (H3)
file:    -
runtime: 1

## M-recover counters
fires:        0
successes:    0
surrenders:   0
last_fire_jf: 0

## post-rmInit-{OK,FAIL} count this boot
post-rmInit-OK:   2
post-rmInit-FAIL: 0

## Close-path activity this boot (Patch 0029)
close-entry:           0
pre-stop:              0
post-shutdown:         0
close-exit:            0
last-close events:     0  (full DIAG+AER snapshot fired)
mmio_enabled callback: 0
cor_error_detected:    0

## M-recover dmesg events (this boot, chronological)
  (no M-recover events this boot)

## L4 helper events for this boot (from wpr2-recoveries.log)
  (wpr2-recoveries.log absent)

## GPU functional check
  GPU 0: NVIDIA GeForce RTX 5090 (UUID: GPU-90b9424e-7236-fd4d-d903-44e565e1bd42)

## Verdict
M-RECOVER-NOT-FIRED: no recovery needed this boot (clean cold-cold)
